<?xml version="1.0" encoding="UTF-8"?>
<testng-results ignored="0" total="2" passed="2" failed="0" skipped="0">
  <reporter-output>
  </reporter-output>
  <suite started-at="2023-08-03T13:14:54 IST" name="mAadhar Test Suit" finished-at="2023-08-03T13:15:55 IST" duration-ms="61790">
    <groups>
      <group name="chrome">
        <method signature="MAadharApplicationTests.OpenClientTest()[pri:0, instance:com.mAadhar.MAadharApplicationTests@1f81aa00]" name="OpenClientTest" class="com.mAadhar.MAadharApplicationTests"/>
        <method signature="MAadharApplicationTests.LoginUserTest()[pri:0, instance:com.mAadhar.MAadharApplicationTests@1f81aa00]" name="LoginUserTest" class="com.mAadhar.MAadharApplicationTests"/>
      </group> <!-- chrome -->
    </groups>
    <test started-at="2023-08-03T13:14:54 IST" name="Chrome Test" finished-at="2023-08-03T13:15:55 IST" duration-ms="61790">
      <class name="com.mAadhar.MAadharApplicationTests">
        <test-method is-config="true" signature="InitializeReport()[pri:0, instance:com.mAadhar.MAadharApplicationTests@1f81aa00]" started-at="2023-08-03T13:14:53 IST" name="InitializeReport" finished-at="2023-08-03T13:14:54 IST" duration-ms="405" status="PASS">
          <reporter-output>
          </reporter-output>
        </test-method> <!-- InitializeReport -->
        <test-method is-config="true" signature="Setup(org.testng.ITestContext)[pri:0, instance:com.mAadhar.MAadharApplicationTests@1f81aa00]" started-at="2023-08-03T13:14:54 IST" name="Setup" finished-at="2023-08-03T13:15:43 IST" duration-ms="49630" status="PASS">
          <params>
            <param index="0">
              <value>
                <![CDATA[org.testng.TestRunner@1e545821]]>
              </value>
            </param>
          </params>
          <reporter-output>
          </reporter-output>
        </test-method> <!-- Setup -->
        <test-method signature="OpenClientTest()[pri:0, instance:com.mAadhar.MAadharApplicationTests@1f81aa00]" started-at="2023-08-03T13:15:43 IST" name="OpenClientTest" finished-at="2023-08-03T13:15:46 IST" duration-ms="2580" status="PASS">
          <reporter-output>
          </reporter-output>
        </test-method> <!-- OpenClientTest -->
        <test-method is-config="true" signature="checkStatus(java.lang.reflect.Method,org.testng.ITestResult)[pri:0, instance:com.mAadhar.MAadharApplicationTests@1f81aa00]" started-at="2023-08-03T13:15:46 IST" name="checkStatus" finished-at="2023-08-03T13:15:46 IST" duration-ms="3" status="PASS">
          <params>
            <param index="0">
              <value>
                <![CDATA[public void com.mAadhar.MAadharApplicationTests.OpenClientTest() throws java.lang.Exception]]>
              </value>
            </param>
            <param index="1">
              <value>
                <![CDATA[[TestResult name=OpenClientTest status=SUCCESS method=MAadharApplicationTests.OpenClientTest()[pri:0, instance:com.mAadhar.MAadharApplicationTests@1f81aa00] output={null}]]]>
              </value>
            </param>
          </params>
          <reporter-output>
          </reporter-output>
        </test-method> <!-- checkStatus -->
        <test-method signature="LoginUserTest()[pri:0, instance:com.mAadhar.MAadharApplicationTests@1f81aa00]" started-at="2023-08-03T13:15:46 IST" name="LoginUserTest" finished-at="2023-08-03T13:15:55 IST" depends-on-methods="com.mAadhar.MAadharApplicationTests.OpenClientTest" duration-ms="9098" status="PASS">
          <reporter-output>
          </reporter-output>
        </test-method> <!-- LoginUserTest -->
        <test-method is-config="true" signature="checkStatus(java.lang.reflect.Method,org.testng.ITestResult)[pri:0, instance:com.mAadhar.MAadharApplicationTests@1f81aa00]" started-at="2023-08-03T13:15:55 IST" name="checkStatus" finished-at="2023-08-03T13:15:55 IST" duration-ms="0" status="PASS">
          <params>
            <param index="0">
              <value>
                <![CDATA[public void com.mAadhar.MAadharApplicationTests.LoginUserTest() throws java.lang.Exception]]>
              </value>
            </param>
            <param index="1">
              <value>
                <![CDATA[[TestResult name=LoginUserTest status=SUCCESS method=MAadharApplicationTests.LoginUserTest()[pri:0, instance:com.mAadhar.MAadharApplicationTests@1f81aa00] output={null}]]]>
              </value>
            </param>
          </params>
          <reporter-output>
          </reporter-output>
        </test-method> <!-- checkStatus -->
        <test-method is-config="true" signature="CloseProcess()[pri:0, instance:com.mAadhar.MAadharApplicationTests@1f81aa00]" started-at="2023-08-03T13:15:55 IST" name="CloseProcess" finished-at="2023-08-03T13:15:55 IST" duration-ms="409" status="PASS">
          <reporter-output>
          </reporter-output>
        </test-method> <!-- CloseProcess -->
        <test-method is-config="true" signature="generateReport()[pri:0, instance:com.mAadhar.MAadharApplicationTests@1f81aa00]" started-at="2023-08-03T13:15:55 IST" name="generateReport" finished-at="2023-08-03T13:15:56 IST" duration-ms="581" status="PASS">
          <reporter-output>
          </reporter-output>
        </test-method> <!-- generateReport -->
      </class> <!-- com.mAadhar.MAadharApplicationTests -->
    </test> <!-- Chrome Test -->
  </suite> <!-- mAadhar Test Suit -->
</testng-results>
